<?xml version="1.0" encoding="UTF-8"?>
<!-- Generated by org.testng.reporters.JUnitReportReporter -->
<testsuite hostname="WKWIN8821446" name="com.qa.amazon.test.login_Amazon" tests="1" failures="0" timestamp="25 Feb 2020 10:20:08 GMT" time="7.490" errors="0">
  <testcase name="Login" time="7.490" classname="com.qa.amazon.test.login_Amazon"/>
</testsuite> <!-- com.qa.amazon.test.login_Amazon -->
