<?xml version="1.0" encoding="UTF-8"?>
<!-- Generated by org.testng.reporters.JUnitReportReporter -->
<testsuite hostname="WKWIN8821446" name="com.qa.WebDriverTestNG.login_Amazon" tests="1" failures="0" timestamp="7 Oct 2019 17:37:38 GMT" time="9.464" errors="0">
  <testcase name="LaunchHomePage" time="9.464" classname="com.qa.WebDriverTestNG.login_Amazon"/>
</testsuite> <!-- com.qa.WebDriverTestNG.login_Amazon -->
